<?xml version="1.0" encoding="UTF-8"?>
<!-- Generated by org.testng.reporters.JUnitXMLReporter -->
<testsuite hostname="ANIMESH-PC" name="Default test" tests="6" failures="0" timestamp="16 May 2020 07:38:34 GMT" time="0.138" errors="0">
  <testcase name="test21" time="0.015" classname="com.java.mavenproject.jenkinsproject.NewTest2"/>
  <testcase name="test22" time="0.017" classname="com.java.mavenproject.jenkinsproject.NewTest2"/>
  <testcase name="test11" time="0.003" classname="com.java.mavenproject.jenkinsproject.NewTest"/>
  <testcase name="test12" time="0.021" classname="com.java.mavenproject.jenkinsproject.NewTest"/>
  <testcase name="test11" time="0.002" classname="NewTest"/>
  <testcase name="test12" time="0.002" classname="NewTest"/>
</testsuite> <!-- Default test -->
