<?xml version="1.0" encoding="UTF-8"?>
<!-- Generated by org.testng.reporters.JUnitXMLReporter -->
<testsuite hostname="ANIMESH-PC" name="exampletest1" tests="4" failures="0" timestamp="16 May 2020 07:44:20 GMT" time="0.141" errors="0">
  <testcase name="test11" time="0.013" classname="com.java.mavenproject.jenkinsproject.NewTest"/>
  <testcase name="test12" time="0.006" classname="com.java.mavenproject.jenkinsproject.NewTest"/>
  <testcase name="test21" time="0.003" classname="com.java.mavenproject.jenkinsproject.NewTest2"/>
  <testcase name="test22" time="0.003" classname="com.java.mavenproject.jenkinsproject.NewTest2"/>
</testsuite> <!-- exampletest1 -->
